<?xml version="1.0" encoding="UTF-8"?>
<testng-results ignored="0" total="4" passed="4" failed="0" skipped="0">
  <reporter-output>
  </reporter-output>
  <suite started-at="2020-08-24T16:10:49 GMT-04:00" name="Default suite" finished-at="2020-08-24T16:10:50 GMT-04:00" duration-ms="1239">
    <groups>
    </groups>
    <test started-at="2020-08-24T16:10:49 GMT-04:00" name="Default test" finished-at="2020-08-24T16:10:50 GMT-04:00" duration-ms="1239">
      <class name="com.qa.testapi.TestApiClass">
        <test-method is-config="true" signature="setUp()[pri:0, instance:com.qa.testapi.TestApiClass@4a668b6e]" started-at="2020-08-24T16:10:49 GMT-04:00" name="setUp" finished-at="2020-08-24T16:10:49 GMT-04:00" duration-ms="9" status="PASS">
          <reporter-output>
          </reporter-output>
        </test-method> <!-- setUp -->
        <test-method signature="geturl()[pri:0, instance:com.qa.testapi.TestApiClass@4a668b6e]" started-at="2020-08-24T16:10:49 GMT-04:00" name="geturl" finished-at="2020-08-24T16:10:50 GMT-04:00" duration-ms="903" status="PASS">
          <reporter-output>
          </reporter-output>
        </test-method> <!-- geturl -->
        <test-method is-config="true" signature="setUp()[pri:0, instance:com.qa.testapi.TestApiClass@4a668b6e]" started-at="2020-08-24T16:10:50 GMT-04:00" name="setUp" finished-at="2020-08-24T16:10:50 GMT-04:00" duration-ms="2" status="PASS">
          <reporter-output>
          </reporter-output>
        </test-method> <!-- setUp -->
        <test-method signature="geturlwithheader()[pri:0, instance:com.qa.testapi.TestApiClass@4a668b6e]" started-at="2020-08-24T16:10:50 GMT-04:00" name="geturlwithheader" finished-at="2020-08-24T16:10:50 GMT-04:00" duration-ms="138" status="PASS">
          <reporter-output>
          </reporter-output>
        </test-method> <!-- geturlwithheader -->
        <test-method is-config="true" signature="setUp()[pri:0, instance:com.qa.testapi.TestApiClass@4a668b6e]" started-at="2020-08-24T16:10:50 GMT-04:00" name="setUp" finished-at="2020-08-24T16:10:50 GMT-04:00" duration-ms="3" status="PASS">
          <reporter-output>
          </reporter-output>
        </test-method> <!-- setUp -->
        <test-method signature="statuscode()[pri:0, instance:com.qa.testapi.TestApiClass@4a668b6e]" started-at="2020-08-24T16:10:50 GMT-04:00" name="statuscode" finished-at="2020-08-24T16:10:50 GMT-04:00" duration-ms="4" status="PASS">
          <reporter-output>
          </reporter-output>
        </test-method> <!-- statuscode -->
        <test-method is-config="true" signature="setUp()[pri:0, instance:com.qa.testapi.TestApiClass@4a668b6e]" started-at="2020-08-24T16:10:50 GMT-04:00" name="setUp" finished-at="2020-08-24T16:10:50 GMT-04:00" duration-ms="2" status="PASS">
          <reporter-output>
          </reporter-output>
        </test-method> <!-- setUp -->
        <test-method signature="wrongurlvalidate()[pri:0, instance:com.qa.testapi.TestApiClass@4a668b6e]" started-at="2020-08-24T16:10:50 GMT-04:00" name="wrongurlvalidate" finished-at="2020-08-24T16:10:50 GMT-04:00" duration-ms="124" status="PASS">
          <reporter-output>
          </reporter-output>
        </test-method> <!-- wrongurlvalidate -->
      </class> <!-- com.qa.testapi.TestApiClass -->
    </test> <!-- Default test -->
  </suite> <!-- Default suite -->
</testng-results>
