<?xml version="1.0" encoding="UTF-8"?>
<testng-results ignored="0" total="1" passed="1" failed="0" skipped="0">
  <reporter-output>
  </reporter-output>
  <suite started-at="2020-08-22T11:42:54 GMT-04:00" name="Default suite" finished-at="2020-08-22T11:42:55 GMT-04:00" duration-ms="1122">
    <groups>
    </groups>
    <test started-at="2020-08-22T11:42:54 GMT-04:00" name="Default test" finished-at="2020-08-22T11:42:55 GMT-04:00" duration-ms="1122">
      <class name="com.qa.testapi.TestApiClass">
        <test-method is-config="true" signature="setUp()[pri:0, instance:com.qa.testapi.TestApiClass@46fa7c39]" started-at="2020-08-22T11:42:54 GMT-04:00" name="setUp" finished-at="2020-08-22T11:42:54 GMT-04:00" duration-ms="6" status="PASS">
          <reporter-output>
          </reporter-output>
        </test-method> <!-- setUp -->
        <test-method signature="geturl()[pri:0, instance:com.qa.testapi.TestApiClass@46fa7c39]" started-at="2020-08-22T11:42:54 GMT-04:00" name="geturl" finished-at="2020-08-22T11:42:55 GMT-04:00" duration-ms="1062" status="PASS">
          <reporter-output>
          </reporter-output>
        </test-method> <!-- geturl -->
      </class> <!-- com.qa.testapi.TestApiClass -->
    </test> <!-- Default test -->
  </suite> <!-- Default suite -->
</testng-results>
