<?xml version="1.0" encoding="UTF-8"?>
<testng-results ignored="0" total="1" passed="1" failed="0" skipped="0">
  <reporter-output>
  </reporter-output>
  <suite started-at="2020-09-07T13:18:55 GMT-04:00" name="Default suite" finished-at="2020-09-07T13:18:56 GMT-04:00" duration-ms="784">
    <groups>
    </groups>
    <test started-at="2020-09-07T13:18:55 GMT-04:00" name="Default test" finished-at="2020-09-07T13:18:56 GMT-04:00" duration-ms="784">
      <class name="com.qa.testbestbuyapi.PutMethodTestAPI">
        <test-method is-config="true" signature="setup()[pri:0, instance:com.qa.testbestbuyapi.PutMethodTestAPI@8317c52]" started-at="2020-09-07T13:18:55 GMT-04:00" name="setup" finished-at="2020-09-07T13:18:55 GMT-04:00" duration-ms="17" status="PASS">
          <reporter-output>
          </reporter-output>
        </test-method> <!-- setup -->
        <test-method signature="postmethodapi()[pri:0, instance:com.qa.testbestbuyapi.PutMethodTestAPI@8317c52]" started-at="2020-09-07T13:18:55 GMT-04:00" name="postmethodapi" finished-at="2020-09-07T13:18:56 GMT-04:00" duration-ms="717" status="PASS">
          <reporter-output>
          </reporter-output>
        </test-method> <!-- postmethodapi -->
      </class> <!-- com.qa.testbestbuyapi.PutMethodTestAPI -->
    </test> <!-- Default test -->
  </suite> <!-- Default suite -->
</testng-results>
