<?xml version="1.0" encoding="UTF-8"?>
<!-- Generated by org.testng.reporters.JUnitXMLReporter -->
<testsuite ignored="0" hostname="LAPTOP-MD35P1KQ" failures="0" tests="3" name="Default test" time="1.25" errors="0" timestamp="2020-08-23T09:50:00 GMT-04:00">
  <testcase classname="com.qa.testapi.TestApiClass" name="geturl" time="0.991"/>
  <testcase classname="com.qa.testapi.TestApiClass" name="statuscode" time="0.002"/>
  <testcase classname="com.qa.testapi.TestApiClass" name="wrongurlvalidate" time="0.189"/>
</testsuite> <!-- Default test -->
