<?xml version="1.0" encoding="UTF-8"?>
<!-- Generated by org.testng.reporters.JUnitXMLReporter -->
<testsuite ignored="0" hostname="LAPTOP-MD35P1KQ" failures="0" tests="4" name="Default test" time="1.239" errors="0" timestamp="2020-08-24T16:10:50 GMT-04:00">
  <testcase classname="com.qa.testapi.TestApiClass" name="geturl" time="0.903"/>
  <testcase classname="com.qa.testapi.TestApiClass" name="geturlwithheader" time="0.138"/>
  <testcase classname="com.qa.testapi.TestApiClass" name="statuscode" time="0.004"/>
  <testcase classname="com.qa.testapi.TestApiClass" name="wrongurlvalidate" time="0.124"/>
</testsuite> <!-- Default test -->
